[WARNING] 
[WARNING] Some problems were encountered while building the effective settings
[WARNING] Unrecognised tag: 'id' (position: START_TAG seen ...</profile>\r\n    -->\r\n <id>... @235:6)  @ D:\software\develop_tools\maven\apache-maven-3.8.5\conf\settings.xml, line 235, column 6
[WARNING] 
[INFO] Scanning for projects...
[INFO] 
[INFO] ------------------------< com.oidc:oidc-server >------------------------
[INFO] Building OIDC Server 1.0.0
[INFO] --------------------------------[ jar ]---------------------------------
[INFO] 
[INFO] >>> spring-boot-maven-plugin:3.2.0:run (default-cli) > test-compile @ oidc-server >>>
[INFO] 
[INFO] --- maven-resources-plugin:3.3.1:resources (default-resources) @ oidc-server ---
[INFO] Copying 1 resource from src\main\resources to target\classes
[INFO] Copying 2 resources from src\main\resources to target\classes
[INFO] 
[INFO] --- maven-compiler-plugin:3.11.0:compile (default-compile) @ oidc-server ---
[INFO] Nothing to compile - all classes are up to date
[INFO] 
[INFO] --- maven-resources-plugin:3.3.1:testResources (default-testResources) @ oidc-server ---
[INFO] skip non existing resourceDirectory D:\software\develop_tools\git\github\workspace\oidc-security\oidc-server\src\test\resources
[INFO] 
[INFO] --- maven-compiler-plugin:3.11.0:testCompile (default-testCompile) @ oidc-server ---
[INFO] No sources to compile
[INFO] 
[INFO] <<< spring-boot-maven-plugin:3.2.0:run (default-cli) < test-compile @ oidc-server <<<
[INFO] 
[INFO] 
[INFO] --- spring-boot-maven-plugin:3.2.0:run (default-cli) @ oidc-server ---
[INFO] Attaching agents: []

  .   ____          _            __ _ _
 /\\ / ___'_ __ _ _(_)_ __  __ _ \ \ \ \
( ( )\___ | '_ | '_| | '_ \/ _` | \ \ \ \
 \\/  ___)| |_)| | | | | || (_| |  ) ) ) )
  '  |____| .__|_| |_|_| |_\__, | / / / /
 =========|_|==============|___/=/_/_/_/
 :: Spring Boot ::                (v3.2.0)

2025-11-26T23:22:01.416+08:00  INFO 1584 --- [oidc-server] [           main] com.oidc.server.OidcServerApplication    : Starting OidcServerApplication using Java 17.0.15 with PID 1584 (D:\software\develop_tools\git\github\workspace\oidc-security\oidc-server\target\classes started by yuequanhuabai in D:\software\develop_tools\git\github\workspace\oidc-security\oidc-server)
2025-11-26T23:22:01.416+08:00 DEBUG 1584 --- [oidc-server] [           main] com.oidc.server.OidcServerApplication    : Running with Spring Boot v3.2.0, Spring v6.1.1
2025-11-26T23:22:01.416+08:00  INFO 1584 --- [oidc-server] [           main] com.oidc.server.OidcServerApplication    : No active profile set, falling back to 1 default profile: "default"
2025-11-26T23:22:01.837+08:00  INFO 1584 --- [oidc-server] [           main] .s.d.r.c.RepositoryConfigurationDelegate : Bootstrapping Spring Data JPA repositories in DEFAULT mode.
2025-11-26T23:22:01.884+08:00  INFO 1584 --- [oidc-server] [           main] .s.d.r.c.RepositoryConfigurationDelegate : Finished Spring Data repository scanning in 39 ms. Found 4 JPA repository interfaces.
2025-11-26T23:22:02.283+08:00  INFO 1584 --- [oidc-server] [           main] o.s.b.w.embedded.tomcat.TomcatWebServer  : Tomcat initialized with port 8080 (http)
2025-11-26T23:22:02.285+08:00  INFO 1584 --- [oidc-server] [           main] o.apache.catalina.core.StandardService   : Starting service [Tomcat]
2025-11-26T23:22:02.285+08:00  INFO 1584 --- [oidc-server] [           main] o.apache.catalina.core.StandardEngine    : Starting Servlet engine: [Apache Tomcat/10.1.16]
2025-11-26T23:22:02.330+08:00  INFO 1584 --- [oidc-server] [           main] o.a.c.c.C.[Tomcat].[localhost].[/]       : Initializing Spring embedded WebApplicationContext
2025-11-26T23:22:02.330+08:00  INFO 1584 --- [oidc-server] [           main] w.s.c.ServletWebServerApplicationContext : Root WebApplicationContext: initialization completed in 866 ms
2025-11-26T23:22:02.431+08:00  INFO 1584 --- [oidc-server] [           main] o.hibernate.jpa.internal.util.LogHelper  : HHH000204: Processing PersistenceUnitInfo [name: default]
2025-11-26T23:22:02.478+08:00  INFO 1584 --- [oidc-server] [           main] org.hibernate.Version                    : HHH000412: Hibernate ORM core version 6.3.1.Final
2025-11-26T23:22:02.509+08:00  INFO 1584 --- [oidc-server] [           main] o.h.c.internal.RegionFactoryInitiator    : HHH000026: Second-level cache disabled
2025-11-26T23:22:02.652+08:00  INFO 1584 --- [oidc-server] [           main] o.s.o.j.p.SpringPersistenceUnitInfo      : No LoadTimeWeaver setup: ignoring JPA class transformer
2025-11-26T23:22:02.668+08:00  INFO 1584 --- [oidc-server] [           main] com.zaxxer.hikari.HikariDataSource       : HikariPool-1 - Starting...
2025-11-26T23:22:02.786+08:00  INFO 1584 --- [oidc-server] [           main] com.zaxxer.hikari.pool.HikariPool        : HikariPool-1 - Added connection com.mysql.cj.jdbc.ConnectionImpl@3dc82e6a
2025-11-26T23:22:02.786+08:00  INFO 1584 --- [oidc-server] [           main] com.zaxxer.hikari.HikariDataSource       : HikariPool-1 - Start completed.
2025-11-26T23:22:02.814+08:00  WARN 1584 --- [oidc-server] [           main] org.hibernate.orm.deprecation            : HHH90000025: MySQL8Dialect does not need to be specified explicitly using 'hibernate.dialect' (remove the property setting and it will be selected by default)
2025-11-26T23:22:02.814+08:00  WARN 1584 --- [oidc-server] [           main] org.hibernate.orm.deprecation            : HHH90000026: MySQL8Dialect has been deprecated; use org.hibernate.dialect.MySQLDialect instead
2025-11-26T23:22:03.400+08:00  INFO 1584 --- [oidc-server] [           main] o.h.e.t.j.p.i.JtaPlatformInitiator       : HHH000489: No JTA platform available (set 'hibernate.transaction.jta.platform' to enable JTA platform integration)
2025-11-26T23:22:03.431+08:00  INFO 1584 --- [oidc-server] [           main] j.LocalContainerEntityManagerFactoryBean : Initialized JPA EntityManagerFactory for persistence unit 'default'
2025-11-26T23:22:03.673+08:00  WARN 1584 --- [oidc-server] [           main] JpaBaseConfiguration$JpaWebConfiguration : spring.jpa.open-in-view is enabled by default. Therefore, database queries may be performed during view rendering. Explicitly configure spring.jpa.open-in-view to disable this warning
2025-11-26T23:22:03.890+08:00  WARN 1584 --- [oidc-server] [           main] .s.s.UserDetailsServiceAutoConfiguration : 

Using generated security password: 262d58ad-d81f-45db-811a-864156b144f1

This generated password is for development use only. Your security configuration must be updated before running your application in production.

2025-11-26T23:22:03.972+08:00  INFO 1584 --- [oidc-server] [           main] o.s.s.web.DefaultSecurityFilterChain     : Will secure any request with [org.springframework.security.web.session.DisableEncodeUrlFilter@1a67bde5, org.springframework.security.web.context.request.async.WebAsyncManagerIntegrationFilter@5c648e38, org.springframework.security.web.context.SecurityContextHolderFilter@2be208db, org.springframework.security.web.header.HeaderWriterFilter@27ea552d, org.springframework.security.web.csrf.CsrfFilter@113e6e06, org.springframework.security.web.authentication.logout.LogoutFilter@50eae15a, org.springframework.security.web.authentication.UsernamePasswordAuthenticationFilter@178c4480, org.springframework.security.web.authentication.ui.DefaultLoginPageGeneratingFilter@6f53295e, org.springframework.security.web.authentication.ui.DefaultLogoutPageGeneratingFilter@6bc8d8bd, org.springframework.security.web.authentication.www.BasicAuthenticationFilter@106ac5f4, org.springframework.security.web.savedrequest.RequestCacheAwareFilter@1ae90cb9, org.springframework.security.web.servletapi.SecurityContextHolderAwareRequestFilter@3b62c51e, org.springframework.security.web.authentication.AnonymousAuthenticationFilter@395c21ee, org.springframework.security.web.access.ExceptionTranslationFilter@723f8990, org.springframework.security.web.access.intercept.AuthorizationFilter@5ff8d76f]
2025-11-26T23:22:04.001+08:00  WARN 1584 --- [oidc-server] [           main] ConfigServletWebServerApplicationContext : Exception encountered during context initialization - cancelling refresh attempt: org.springframework.context.ApplicationContextException: Failed to start bean 'webServerStartStop'
2025-11-26T23:22:04.003+08:00  INFO 1584 --- [oidc-server] [           main] j.LocalContainerEntityManagerFactoryBean : Closing JPA EntityManagerFactory for persistence unit 'default'
2025-11-26T23:22:04.005+08:00  INFO 1584 --- [oidc-server] [           main] com.zaxxer.hikari.HikariDataSource       : HikariPool-1 - Shutdown initiated...
2025-11-26T23:22:04.005+08:00  INFO 1584 --- [oidc-server] [           main] com.zaxxer.hikari.HikariDataSource       : HikariPool-1 - Shutdown completed.
2025-11-26T23:22:04.018+08:00  INFO 1584 --- [oidc-server] [           main] .s.b.a.l.ConditionEvaluationReportLogger : 

Error starting ApplicationContext. To display the condition evaluation report re-run your application with 'debug' enabled.
2025-11-26T23:22:04.018+08:00 ERROR 1584 --- [oidc-server] [           main] o.s.b.d.LoggingFailureAnalysisReporter   : 

***************************
APPLICATION FAILED TO START
***************************

Description:

Web server failed to start. Port 8080 was already in use.

Action:

Identify and stop the process that's listening on port 8080 or configure this application to listen on another port.

[INFO] ------------------------------------------------------------------------
[INFO] BUILD FAILURE
[INFO] ------------------------------------------------------------------------
[INFO] Total time:  4.272 s
[INFO] Finished at: 2025-11-26T23:22:04+08:00
[INFO] ------------------------------------------------------------------------
[ERROR] Failed to execute goal org.springframework.boot:spring-boot-maven-plugin:3.2.0:run (default-cli) on project oidc-server: Process terminated with exit code: 1 -> [Help 1]
[ERROR] 
[ERROR] To see the full stack trace of the errors, re-run Maven with the -e switch.
[ERROR] Re-run Maven using the -X switch to enable full debug logging.
[ERROR] 
[ERROR] For more information about the errors and possible solutions, please read the following articles:
[ERROR] [Help 1] http://cwiki.apache.org/confluence/display/MAVEN/MojoExecutionException
